# JRE version: OpenJDK Runtime Environment (17.0.6) (build 17.0.6+0-b2043.56-10027231)
# Java VM: OpenJDK 64-Bit Server VM (17.0.6+0-b2043.56-10027231, mixed mode, tiered, compressed oops, compressed class ptrs, g1 gc, windows-amd64)
GC Precious Log:
 CPUs: 4 total, 4 available
 Memory: 8072M
 Large Page Support: Disabled
 NUMA Support: Disabled
 Compressed Oops: Enabled (32-bit)
 Heap Region Size: 1M
 Heap Min Capacity: 8M
 Heap Initial Capacity: 128M
 Heap Max Capacity: 2G
 Pre-touch: Disabled
 Parallel Workers: 4
 Concurrent Workers: 1
 Concurrent Refinement Workers: 4
 Periodic GC: Disabled
Heap:
 garbage-first heap   total 515072K, used 392349K [0x0000000080000000, 0x0000000100000000)
  region size 1024K, 100 young (102400K), 6 survivors (6144K)
 Metaspace       used 152475K, committed 154112K, reserved 1187840K
  class space    used 19914K, committed 20672K, reserved 1048576K
GC Heap History (20 events):
Event: 71.987 GC heap before
{Heap before GC invocations=50 (full 0):
 garbage-first heap   total 515072K, used 421376K [0x0000000080000000, 0x0000000100000000)
  region size 1024K, 136 young (139264K), 16 survivors (16384K)
 Metaspace       used 127860K, committed 128704K, reserved 1163264K
  class space    used 17163K, committed 17536K, reserved 1048576K
}
Event: 72.008 GC heap after
{Heap after GC invocations=51 (full 0):
 garbage-first heap   total 515072K, used 259328K [0x0000000080000000, 0x0000000100000000)
  region size 1024K, 5 young (5120K), 5 survivors (5120K)
 Metaspace       used 127860K, committed 128704K, reserved 1163264K
  class space    used 17163K, committed 17536K, reserved 1048576K
}
Event: 75.394 GC heap before
{Heap before GC invocations=51 (full 0):
 garbage-first heap   total 515072K, used 396544K [0x0000000080000000, 0x0000000100000000)
  region size 1024K, 136 young (139264K), 5 survivors (5120K)
 Metaspace       used 138064K, committed 138880K, reserved 1171456K
  class space    used 18475K, committed 18880K, reserved 1048576K
}
Event: 75.416 GC heap after
{Heap after GC invocations=52 (full 0):
 garbage-first heap   total 515072K, used 269568K [0x0000000080000000, 0x0000000100000000)
  region size 1024K, 13 young (13312K), 13 survivors (13312K)
 Metaspace       used 138064K, committed 138880K, reserved 1171456K
  class space    used 18475K, committed 18880K, reserved 1048576K
}
Event: 78.107 GC heap before
{Heap before GC invocations=52 (full 0):
 garbage-first heap   total 515072K, used 425216K [0x0000000080000000, 0x0000000100000000)
  region size 1024K, 144 young (147456K), 13 survivors (13312K)
 Metaspace       used 139959K, committed 140864K, reserved 1171456K
  class space    used 18706K, committed 19136K, reserved 1048576K
}
Event: 78.118 GC heap after
{Heap after GC invocations=53 (full 0):
 garbage-first heap   total 515072K, used 262853K [0x0000000080000000, 0x0000000100000000)
  region size 1024K, 5 young (5120K), 5 survivors (5120K)
 Metaspace       used 139959K, committed 140864K, reserved 1171456K
  class space    used 18706K, committed 19136K, reserved 1048576K
}
Event: 416.580 GC heap before
{Heap before GC invocations=53 (full 0):
 garbage-first heap   total 515072K, used 431813K [0x0000000080000000, 0x0000000100000000)
  region size 1024K, 147 young (150528K), 5 survivors (5120K)
 Metaspace       used 145768K, committed 146752K, reserved 1179648K
  class space    used 19194K, committed 19648K, reserved 1048576K
}
Event: 416.595 GC heap after
{Heap after GC invocations=54 (full 0):
 garbage-first heap   total 515072K, used 262888K [0x0000000080000000, 0x0000000100000000)
  region size 1024K, 5 young (5120K), 5 survivors (5120K)
 Metaspace       used 145768K, committed 146752K, reserved 1179648K
  class space    used 19194K, committed 19648K, reserved 1048576K
}
Event: 540.736 GC heap before
{Heap before GC invocations=54 (full 0):
 garbage-first heap   total 515072K, used 426728K [0x0000000080000000, 0x0000000100000000)
  region size 1024K, 154 young (157696K), 5 survivors (5120K)
 Metaspace       used 148759K, committed 149760K, reserved 1179648K
  class space    used 19527K, committed 20032K, reserved 1048576K
}
Event: 540.757 GC heap after
{Heap after GC invocations=55 (full 0):
 garbage-first heap   total 515072K, used 263365K [0x0000000080000000, 0x0000000100000000)
  region size 1024K, 5 young (5120K), 5 survivors (5120K)
 Metaspace       used 148759K, committed 149760K, reserved 1179648K
  class space    used 19527K, committed 20032K, reserved 1048576K
}
Event: 606.496 GC heap before
{Heap before GC invocations=55 (full 0):
 garbage-first heap   total 515072K, used 434373K [0x0000000080000000, 0x0000000100000000)
  region size 1024K, 161 young (164864K), 5 survivors (5120K)
 Metaspace       used 149444K, committed 150528K, reserved 1179648K
  class space    used 19574K, committed 20096K, reserved 1048576K
}
Event: 606.523 GC heap after
{Heap after GC invocations=56 (full 0):
 garbage-first heap   total 515072K, used 268485K [0x0000000080000000, 0x0000000100000000)
  region size 1024K, 10 young (10240K), 10 survivors (10240K)
 Metaspace       used 149444K, committed 150528K, reserved 1179648K
  class space    used 19574K, committed 20096K, reserved 1048576K
}
Event: 658.334 GC heap before
{Heap before GC invocations=56 (full 0):
 garbage-first heap   total 515072K, used 438469K [0x0000000080000000, 0x0000000100000000)
  region size 1024K, 165 young (168960K), 10 survivors (10240K)
 Metaspace       used 150146K, committed 151232K, reserved 1187840K
  class space    used 19594K, committed 20096K, reserved 1048576K
}
Event: 658.358 GC heap after
{Heap after GC invocations=57 (full 0):
 garbage-first heap   total 515072K, used 272998K [0x0000000080000000, 0x0000000100000000)
  region size 1024K, 15 young (15360K), 15 survivors (15360K)
 Metaspace       used 150146K, committed 151232K, reserved 1187840K
  class space    used 19594K, committed 20096K, reserved 1048576K
}
Event: 1149.808 GC heap before
{Heap before GC invocations=57 (full 0):
 garbage-first heap   total 515072K, used 450150K [0x0000000080000000, 0x0000000100000000)
  region size 1024K, 165 young (168960K), 15 survivors (15360K)
 Metaspace       used 150500K, committed 151616K, reserved 1187840K
  class space    used 19599K, committed 20160K, reserved 1048576K
}
Event: 1149.835 GC heap after
{Heap after GC invocations=58 (full 0):
 garbage-first heap   total 515072K, used 266953K [0x0000000080000000, 0x0000000100000000)
  region size 1024K, 5 young (5120K), 5 survivors (5120K)
 Metaspace       used 150500K, committed 151616K, reserved 1187840K
  class space    used 19599K, committed 20160K, reserved 1048576K
}
Event: 1190.257 GC heap before
{Heap before GC invocations=58 (full 0):
 garbage-first heap   total 515072K, used 443081K [0x0000000080000000, 0x0000000100000000)
  region size 1024K, 166 young (169984K), 5 survivors (5120K)
 Metaspace       used 151964K, committed 153600K, reserved 1187840K
  class space    used 19892K, committed 20672K, reserved 1048576K
}
Event: 1190.281 GC heap after
{Heap after GC invocations=59 (full 0):
 garbage-first heap   total 515072K, used 273097K [0x0000000080000000, 0x0000000100000000)
  region size 1024K, 11 young (11264K), 11 survivors (11264K)
 Metaspace       used 151964K, committed 153600K, reserved 1187840K
  class space    used 19892K, committed 20672K, reserved 1048576K
}
Event: 1350.113 GC heap before
{Heap before GC invocations=59 (full 0):
 garbage-first heap   total 515072K, used 443081K [0x0000000080000000, 0x0000000100000000)
  region size 1024K, 166 young (169984K), 11 survivors (11264K)
 Metaspace       used 152192K, committed 153856K, reserved 1187840K
  class space    used 19893K, committed 20672K, reserved 1048576K
}
Event: 1350.124 GC heap after
{Heap after GC invocations=60 (full 0):
 garbage-first heap   total 515072K, used 267421K [0x0000000080000000, 0x0000000100000000)
  region size 1024K, 6 young (6144K), 6 survivors (6144K)
 Metaspace       used 152192K, committed 153856K, reserved 1187840K
  class space    used 19893K, committed 20672K, reserved 1048576K
}

